1784101267.204064 client started (2881929): version 3.3a, socket /tmp/tmux-0/default, protocol 8
1784101267.204081 on Linux 5.15.120.bsk.3-amd64 #5.15.120.bsk.3 SMP Debian 5.15.120.bsk.3 Fri Dec 8 12:41:09 UTC
1784101267.204086 using libevent 2.1.12-stable (poll); ncurses 6.3
1784101267.204095 flags are 0x18010000
1784101267.204098 socket is /tmp/tmux-0/default
1784101267.204104 trying connect
1784101267.204150 add peer 0x55a6f112b960: 6 ((nil))
1784101267.204325 sending message 100 to peer 0x55a6f112b960 (4 bytes)
1784101267.204334 sending message 111 to peer 0x55a6f112b960 (8 bytes)
1784101267.204337 sending message 101 to peer 0x55a6f112b960 (15 bytes)
1784101267.204340 sending message 109 to peer 0x55a6f112b960 (4 bytes)
1784101267.204343 sending message 102 to peer 0x55a6f112b960 (13 bytes)
1784101267.204346 sending message 108 to peer 0x55a6f112b960 (21 bytes)
1784101267.204349 sending message 112 to peer 0x55a6f112b960 (58 bytes)
1784101267.204352 sending message 112 to peer 0x55a6f112b960 (5 bytes)
1784101267.204354 sending message 112 to peer 0x55a6f112b960 (5 bytes)
1784101267.204357 sending message 112 to peer 0x55a6f112b960 (6 bytes)
1784101267.204360 sending message 112 to peer 0x55a6f112b960 (6 bytes)
1784101267.204362 sending message 112 to peer 0x55a6f112b960 (11 bytes)
1784101267.204366 sending message 112 to peer 0x55a6f112b960 (10 bytes)
1784101267.204382 sending message 112 to peer 0x55a6f112b960 (13 bytes)
1784101267.204387 sending message 112 to peer 0x55a6f112b960 (14 bytes)
1784101267.204390 sending message 112 to peer 0x55a6f112b960 (19 bytes)
1784101267.204392 sending message 112 to peer 0x55a6f112b960 (11 bytes)
1784101267.204395 sending message 112 to peer 0x55a6f112b960 (10 bytes)
1784101267.204398 sending message 112 to peer 0x55a6f112b960 (15 bytes)
1784101267.204401 sending message 112 to peer 0x55a6f112b960 (21 bytes)
1784101267.204403 sending message 112 to peer 0x55a6f112b960 (13 bytes)
1784101267.204406 sending message 112 to peer 0x55a6f112b960 (7 bytes)
1784101267.204408 sending message 112 to peer 0x55a6f112b960 (13 bytes)
1784101267.204411 sending message 112 to peer 0x55a6f112b960 (7 bytes)
1784101267.204414 sending message 112 to peer 0x55a6f112b960 (13 bytes)
1784101267.204416 sending message 112 to peer 0x55a6f112b960 (9 bytes)
1784101267.204419 sending message 112 to peer 0x55a6f112b960 (21 bytes)
1784101267.204422 sending message 112 to peer 0x55a6f112b960 (13 bytes)
1784101267.204425 sending message 112 to peer 0x55a6f112b960 (9 bytes)
1784101267.204428 sending message 112 to peer 0x55a6f112b960 (16 bytes)
1784101267.204431 sending message 112 to peer 0x55a6f112b960 (13 bytes)
1784101267.204434 sending message 112 to peer 0x55a6f112b960 (9 bytes)
1784101267.204436 sending message 112 to peer 0x55a6f112b960 (9 bytes)
1784101267.204439 sending message 112 to peer 0x55a6f112b960 (12 bytes)
1784101267.204441 sending message 112 to peer 0x55a6f112b960 (8 bytes)
1784101267.204444 sending message 112 to peer 0x55a6f112b960 (8 bytes)
1784101267.204447 sending message 112 to peer 0x55a6f112b960 (13 bytes)
1784101267.204450 sending message 112 to peer 0x55a6f112b960 (7 bytes)
1784101267.204452 sending message 112 to peer 0x55a6f112b960 (7 bytes)
1784101267.204455 sending message 112 to peer 0x55a6f112b960 (9 bytes)
1784101267.204457 sending message 112 to peer 0x55a6f112b960 (9 bytes)
1784101267.204460 sending message 112 to peer 0x55a6f112b960 (15 bytes)
1784101267.204463 sending message 112 to peer 0x55a6f112b960 (13 bytes)
1784101267.204466 sending message 112 to peer 0x55a6f112b960 (12 bytes)
1784101267.204469 sending message 112 to peer 0x55a6f112b960 (8 bytes)
1784101267.204471 sending message 112 to peer 0x55a6f112b960 (14 bytes)
1784101267.204474 sending message 112 to peer 0x55a6f112b960 (11 bytes)
1784101267.204477 sending message 112 to peer 0x55a6f112b960 (9 bytes)
1784101267.204479 sending message 112 to peer 0x55a6f112b960 (10 bytes)
1784101267.204482 sending message 112 to peer 0x55a6f112b960 (10 bytes)
1784101267.204484 sending message 112 to peer 0x55a6f112b960 (10 bytes)
1784101267.204493 sending message 112 to peer 0x55a6f112b960 (10 bytes)
1784101267.204496 sending message 112 to peer 0x55a6f112b960 (11 bytes)
1784101267.204499 sending message 112 to peer 0x55a6f112b960 (12 bytes)
1784101267.204502 sending message 112 to peer 0x55a6f112b960 (12 bytes)
1784101267.204505 sending message 112 to peer 0x55a6f112b960 (12 bytes)
1784101267.204508 sending message 112 to peer 0x55a6f112b960 (12 bytes)
1784101267.204511 sending message 112 to peer 0x55a6f112b960 (12 bytes)
1784101267.204513 sending message 112 to peer 0x55a6f112b960 (11 bytes)
1784101267.204516 sending message 112 to peer 0x55a6f112b960 (11 bytes)
1784101267.204519 sending message 112 to peer 0x55a6f112b960 (12 bytes)
1784101267.204521 sending message 112 to peer 0x55a6f112b960 (12 bytes)
1784101267.204524 sending message 112 to peer 0x55a6f112b960 (12 bytes)
1784101267.204527 sending message 112 to peer 0x55a6f112b960 (12 bytes)
1784101267.204530 sending message 112 to peer 0x55a6f112b960 (12 bytes)
1784101267.204533 sending message 112 to peer 0x55a6f112b960 (9 bytes)
1784101267.204535 sending message 112 to peer 0x55a6f112b960 (12 bytes)
1784101267.204538 sending message 112 to peer 0x55a6f112b960 (13 bytes)
1784101267.204541 sending message 112 to peer 0x55a6f112b960 (13 bytes)
1784101267.204543 sending message 112 to peer 0x55a6f112b960 (13 bytes)
1784101267.204546 sending message 112 to peer 0x55a6f112b960 (13 bytes)
1784101267.204549 sending message 112 to peer 0x55a6f112b960 (13 bytes)
1784101267.204552 sending message 112 to peer 0x55a6f112b960 (8 bytes)
1784101267.204554 sending message 112 to peer 0x55a6f112b960 (11 bytes)
1784101267.204557 sending message 112 to peer 0x55a6f112b960 (11 bytes)
1784101267.204559 sending message 112 to peer 0x55a6f112b960 (11 bytes)
1784101267.204562 sending message 112 to peer 0x55a6f112b960 (12 bytes)
1784101267.204565 sending message 112 to peer 0x55a6f112b960 (12 bytes)
1784101267.204568 sending message 112 to peer 0x55a6f112b960 (12 bytes)
1784101267.204571 sending message 112 to peer 0x55a6f112b960 (12 bytes)
1784101267.204574 sending message 112 to peer 0x55a6f112b960 (13 bytes)
1784101267.204576 sending message 112 to peer 0x55a6f112b960 (13 bytes)
1784101267.204579 sending message 112 to peer 0x55a6f112b960 (13 bytes)
1784101267.204581 sending message 112 to peer 0x55a6f112b960 (8 bytes)
1784101267.204584 sending message 112 to peer 0x55a6f112b960 (13 bytes)
1784101267.204587 sending message 112 to peer 0x55a6f112b960 (13 bytes)
1784101267.204590 sending message 112 to peer 0x55a6f112b960 (13 bytes)
1784101267.204593 sending message 112 to peer 0x55a6f112b960 (13 bytes)
1784101267.204595 sending message 112 to peer 0x55a6f112b960 (13 bytes)
1784101267.204598 sending message 112 to peer 0x55a6f112b960 (12 bytes)
1784101267.204600 sending message 112 to peer 0x55a6f112b960 (12 bytes)
1784101267.204603 sending message 112 to peer 0x55a6f112b960 (12 bytes)
1784101267.204606 sending message 112 to peer 0x55a6f112b960 (12 bytes)
1784101267.204609 sending message 112 to peer 0x55a6f112b960 (13 bytes)
1784101267.204612 sending message 112 to peer 0x55a6f112b960 (8 bytes)
1784101267.204614 sending message 112 to peer 0x55a6f112b960 (13 bytes)
1784101267.204617 sending message 112 to peer 0x55a6f112b960 (13 bytes)
1784101267.204620 sending message 112 to peer 0x55a6f112b960 (13 bytes)
1784101267.204622 sending message 112 to peer 0x55a6f112b960 (13 bytes)
1784101267.204625 sending message 112 to peer 0x55a6f112b960 (13 bytes)
1784101267.204628 sending message 112 to peer 0x55a6f112b960 (13 bytes)
1784101267.204630 sending message 112 to peer 0x55a6f112b960 (13 bytes)
1784101267.204633 sending message 112 to peer 0x55a6f112b960 (12 bytes)
1784101267.204636 sending message 112 to peer 0x55a6f112b960 (12 bytes)
1784101267.204639 sending message 112 to peer 0x55a6f112b960 (12 bytes)
1784101267.204642 sending message 112 to peer 0x55a6f112b960 (8 bytes)
1784101267.204644 sending message 112 to peer 0x55a6f112b960 (12 bytes)
1784101267.204647 sending message 112 to peer 0x55a6f112b960 (13 bytes)
1784101267.204652 sending message 112 to peer 0x55a6f112b960 (13 bytes)
1784101267.204655 sending message 112 to peer 0x55a6f112b960 (13 bytes)
1784101267.204657 sending message 112 to peer 0x55a6f112b960 (13 bytes)
1784101267.204660 sending message 112 to peer 0x55a6f112b960 (13 bytes)
1784101267.204663 sending message 112 to peer 0x55a6f112b960 (13 bytes)
1784101267.204666 sending message 112 to peer 0x55a6f112b960 (13 bytes)
1784101267.204668 sending message 112 to peer 0x55a6f112b960 (13 bytes)
1784101267.204671 sending message 112 to peer 0x55a6f112b960 (12 bytes)
1784101267.204673 sending message 112 to peer 0x55a6f112b960 (10 bytes)
1784101267.204676 sending message 112 to peer 0x55a6f112b960 (12 bytes)
1784101267.204679 sending message 112 to peer 0x55a6f112b960 (12 bytes)
1784101267.204682 sending message 112 to peer 0x55a6f112b960 (12 bytes)
1784101267.204685 sending message 112 to peer 0x55a6f112b960 (13 bytes)
1784101267.204687 sending message 112 to peer 0x55a6f112b960 (13 bytes)
1784101267.204690 sending message 112 to peer 0x55a6f112b960 (13 bytes)
1784101267.204693 sending message 112 to peer 0x55a6f112b960 (13 bytes)
1784101267.204695 sending message 112 to peer 0x55a6f112b960 (13 bytes)
1784101267.204697 sending message 112 to peer 0x55a6f112b960 (13 bytes)
1784101267.204700 sending message 112 to peer 0x55a6f112b960 (13 bytes)
1784101267.204702 sending message 112 to peer 0x55a6f112b960 (10 bytes)
1784101267.204705 sending message 112 to peer 0x55a6f112b960 (13 bytes)
1784101267.204708 sending message 112 to peer 0x55a6f112b960 (12 bytes)
1784101267.204711 sending message 112 to peer 0x55a6f112b960 (12 bytes)
1784101267.204714 sending message 112 to peer 0x55a6f112b960 (12 bytes)
1784101267.204717 sending message 112 to peer 0x55a6f112b960 (10 bytes)
1784101267.204720 sending message 112 to peer 0x55a6f112b960 (10 bytes)
1784101267.204722 sending message 112 to peer 0x55a6f112b960 (10 bytes)
1784101267.204725 sending message 112 to peer 0x55a6f112b960 (12 bytes)
1784101267.204728 sending message 112 to peer 0x55a6f112b960 (13 bytes)
1784101267.204731 sending message 112 to peer 0x55a6f112b960 (13 bytes)
1784101267.204733 sending message 112 to peer 0x55a6f112b960 (13 bytes)
1784101267.204736 sending message 112 to peer 0x55a6f112b960 (13 bytes)
1784101267.204738 sending message 112 to peer 0x55a6f112b960 (13 bytes)
1784101267.204741 sending message 112 to peer 0x55a6f112b960 (10 bytes)
1784101267.204743 sending message 112 to peer 0x55a6f112b960 (11 bytes)
1784101267.204746 sending message 112 to peer 0x55a6f112b960 (12 bytes)
1784101267.204749 sending message 112 to peer 0x55a6f112b960 (12 bytes)
1784101267.204752 sending message 112 to peer 0x55a6f112b960 (12 bytes)
1784101267.204755 sending message 112 to peer 0x55a6f112b960 (12 bytes)
1784101267.204757 sending message 112 to peer 0x55a6f112b960 (12 bytes)
1784101267.204760 sending message 112 to peer 0x55a6f112b960 (11 bytes)
1784101267.204762 sending message 112 to peer 0x55a6f112b960 (12 bytes)
1784101267.204765 sending message 112 to peer 0x55a6f112b960 (12 bytes)
1784101267.204767 sending message 112 to peer 0x55a6f112b960 (13 bytes)
1784101267.204770 sending message 112 to peer 0x55a6f112b960 (13 bytes)
1784101267.204772 sending message 112 to peer 0x55a6f112b960 (13 bytes)
1784101267.204775 sending message 112 to peer 0x55a6f112b960 (13 bytes)
1784101267.204778 sending message 112 to peer 0x55a6f112b960 (13 bytes)
1784101267.204780 sending message 112 to peer 0x55a6f112b960 (10 bytes)
1784101267.204783 sending message 112 to peer 0x55a6f112b960 (9 bytes)
1784101267.204786 sending message 112 to peer 0x55a6f112b960 (12 bytes)
1784101267.204788 sending message 112 to peer 0x55a6f112b960 (13 bytes)
1784101267.204791 sending message 112 to peer 0x55a6f112b960 (13 bytes)
1784101267.204793 sending message 112 to peer 0x55a6f112b960 (13 bytes)
1784101267.204796 sending message 112 to peer 0x55a6f112b960 (13 bytes)
1784101267.204799 sending message 112 to peer 0x55a6f112b960 (13 bytes)
1784101267.204802 sending message 112 to peer 0x55a6f112b960 (9 bytes)
1784101267.204806 sending message 112 to peer 0x55a6f112b960 (12 bytes)
1784101267.204809 sending message 112 to peer 0x55a6f112b960 (13 bytes)
1784101267.204811 sending message 112 to peer 0x55a6f112b960 (13 bytes)
1784101267.204814 sending message 112 to peer 0x55a6f112b960 (13 bytes)
1784101267.204817 sending message 112 to peer 0x55a6f112b960 (13 bytes)
1784101267.204820 sending message 112 to peer 0x55a6f112b960 (13 bytes)
1784101267.204823 sending message 112 to peer 0x55a6f112b960 (11 bytes)
1784101267.204826 sending message 112 to peer 0x55a6f112b960 (12 bytes)
1784101267.204829 sending message 112 to peer 0x55a6f112b960 (13 bytes)
1784101267.204831 sending message 112 to peer 0x55a6f112b960 (13 bytes)
1784101267.204834 sending message 112 to peer 0x55a6f112b960 (13 bytes)
1784101267.204836 sending message 112 to peer 0x55a6f112b960 (13 bytes)
1784101267.204839 sending message 112 to peer 0x55a6f112b960 (13 bytes)
1784101267.204842 sending message 112 to peer 0x55a6f112b960 (11 bytes)
1784101267.204844 sending message 112 to peer 0x55a6f112b960 (12 bytes)
1784101267.204848 sending message 112 to peer 0x55a6f112b960 (12 bytes)
1784101267.204850 sending message 112 to peer 0x55a6f112b960 (12 bytes)
1784101267.204853 sending message 112 to peer 0x55a6f112b960 (12 bytes)
1784101267.204855 sending message 112 to peer 0x55a6f112b960 (12 bytes)
1784101267.204858 sending message 112 to peer 0x55a6f112b960 (21 bytes)
1784101267.204861 sending message 112 to peer 0x55a6f112b960 (12 bytes)
1784101267.204863 sending message 112 to peer 0x55a6f112b960 (9 bytes)
1784101267.204866 sending message 112 to peer 0x55a6f112b960 (6 bytes)
1784101267.204869 sending message 112 to peer 0x55a6f112b960 (13 bytes)
1784101267.204872 sending message 112 to peer 0x55a6f112b960 (10 bytes)
1784101267.204874 sending message 112 to peer 0x55a6f112b960 (24 bytes)
1784101267.204877 sending message 112 to peer 0x55a6f112b960 (13 bytes)
1784101267.204879 sending message 112 to peer 0x55a6f112b960 (9 bytes)
1784101267.204882 sending message 112 to peer 0x55a6f112b960 (70 bytes)
1784101267.204884 sending message 112 to peer 0x55a6f112b960 (69 bytes)
1784101267.204888 sending message 112 to peer 0x55a6f112b960 (12 bytes)
1784101267.204890 sending message 112 to peer 0x55a6f112b960 (10 bytes)
1784101267.204894 sending message 112 to peer 0x55a6f112b960 (10 bytes)
1784101267.204896 sending message 112 to peer 0x55a6f112b960 (24 bytes)
1784101267.204899 sending message 112 to peer 0x55a6f112b960 (13 bytes)
1784101267.204901 sending message 112 to peer 0x55a6f112b960 (10 bytes)
1784101267.204904 sending message 112 to peer 0x55a6f112b960 (10 bytes)
1784101267.204906 sending message 112 to peer 0x55a6f112b960 (10 bytes)
1784101267.204909 sending message 112 to peer 0x55a6f112b960 (13 bytes)
1784101267.204911 sending message 112 to peer 0x55a6f112b960 (15 bytes)
1784101267.204914 sending message 112 to peer 0x55a6f112b960 (5 bytes)
1784101267.204917 sending message 104 to peer 0x55a6f112b960 (0 bytes)
1784101267.204921 sending message 110 to peer 0x55a6f112b960 (0 bytes)
1784101267.204925 sending message 107 to peer 0x55a6f112b960 (4 bytes)
1784101267.204927 sending message 105 to peer 0x55a6f112b960 (34 bytes)
1784101267.204930 sending message 105 to peer 0x55a6f112b960 (343 bytes)
1784101267.204932 sending message 105 to peer 0x55a6f112b960 (10 bytes)
1784101267.204935 sending message 105 to peer 0x55a6f112b960 (35 bytes)
1784101267.204938 sending message 105 to peer 0x55a6f112b960 (21 bytes)
1784101267.204940 sending message 105 to peer 0x55a6f112b960 (8 bytes)
1784101267.204943 sending message 105 to peer 0x55a6f112b960 (15 bytes)
1784101267.204945 sending message 105 to peer 0x55a6f112b960 (11 bytes)
1784101267.204948 sending message 105 to peer 0x55a6f112b960 (13 bytes)
1784101267.204951 sending message 105 to peer 0x55a6f112b960 (343 bytes)
1784101267.204953 sending message 105 to peer 0x55a6f112b960 (51 bytes)
1784101267.204956 sending message 105 to peer 0x55a6f112b960 (34 bytes)
1784101267.204959 sending message 105 to peer 0x55a6f112b960 (13 bytes)
1784101267.204965 sending message 105 to peer 0x55a6f112b960 (33 bytes)
1784101267.204967 sending message 105 to peer 0x55a6f112b960 (16 bytes)
1784101267.204970 sending message 105 to peer 0x55a6f112b960 (23 bytes)
1784101267.204973 sending message 105 to peer 0x55a6f112b960 (20 bytes)
1784101267.204975 sending message 105 to peer 0x55a6f112b960 (2157 bytes)
1784101267.204989 sending message 105 to peer 0x55a6f112b960 (28 bytes)
1784101267.204992 sending message 105 to peer 0x55a6f112b960 (17 bytes)
1784101267.204995 sending message 105 to peer 0x55a6f112b960 (57 bytes)
1784101267.204998 sending message 105 to peer 0x55a6f112b960 (19 bytes)
1784101267.205000 sending message 105 to peer 0x55a6f112b960 (25 bytes)
1784101267.205003 sending message 105 to peer 0x55a6f112b960 (52 bytes)
1784101267.205005 sending message 105 to peer 0x55a6f112b960 (33 bytes)
1784101267.205008 sending message 105 to peer 0x55a6f112b960 (21 bytes)
1784101267.205011 sending message 105 to peer 0x55a6f112b960 (11 bytes)
1784101267.205014 sending message 105 to peer 0x55a6f112b960 (8 bytes)
1784101267.205016 sending message 105 to peer 0x55a6f112b960 (32 bytes)
1784101267.205019 sending message 105 to peer 0x55a6f112b960 (1764 bytes)
1784101267.205023 sending message 105 to peer 0x55a6f112b960 (70 bytes)
1784101267.205026 sending message 105 to peer 0x55a6f112b960 (32 bytes)
1784101267.205028 sending message 105 to peer 0x55a6f112b960 (31 bytes)
1784101267.205031 sending message 105 to peer 0x55a6f112b960 (18 bytes)
1784101267.205034 sending message 105 to peer 0x55a6f112b960 (45 bytes)
1784101267.205036 sending message 105 to peer 0x55a6f112b960 (27 bytes)
1784101267.205039 sending message 105 to peer 0x55a6f112b960 (25 bytes)
1784101267.205041 sending message 105 to peer 0x55a6f112b960 (13 bytes)
1784101267.205044 sending message 105 to peer 0x55a6f112b960 (129 bytes)
1784101267.205047 sending message 105 to peer 0x55a6f112b960 (34 bytes)
1784101267.205049 sending message 105 to peer 0x55a6f112b960 (13 bytes)
1784101267.205052 sending message 105 to peer 0x55a6f112b960 (62 bytes)
1784101267.205054 sending message 105 to peer 0x55a6f112b960 (58 bytes)
1784101267.205058 sending message 105 to peer 0x55a6f112b960 (79 bytes)
1784101267.205061 sending message 105 to peer 0x55a6f112b960 (31 bytes)
1784101267.205064 sending message 105 to peer 0x55a6f112b960 (22 bytes)
1784101267.205066 sending message 105 to peer 0x55a6f112b960 (23 bytes)
1784101267.205069 sending message 105 to peer 0x55a6f112b960 (1020 bytes)
1784101267.205072 sending message 105 to peer 0x55a6f112b960 (23 bytes)
1784101267.205075 sending message 105 to peer 0x55a6f112b960 (97 bytes)
1784101267.205077 sending message 105 to peer 0x55a6f112b960 (20 bytes)
1784101267.205080 sending message 105 to peer 0x55a6f112b960 (29 bytes)
1784101267.205083 sending message 105 to peer 0x55a6f112b960 (20 bytes)
1784101267.205086 sending message 105 to peer 0x55a6f112b960 (109 bytes)
1784101267.205088 sending message 105 to peer 0x55a6f112b960 (95 bytes)
1784101267.205091 sending message 105 to peer 0x55a6f112b960 (31 bytes)
1784101267.205094 sending message 105 to peer 0x55a6f112b960 (126 bytes)
1784101267.205097 sending message 105 to peer 0x55a6f112b960 (61 bytes)
1784101267.205099 sending message 105 to peer 0x55a6f112b960 (27 bytes)
1784101267.205102 sending message 105 to peer 0x55a6f112b960 (53 bytes)
1784101267.205105 sending message 105 to peer 0x55a6f112b960 (85 bytes)
1784101267.205108 sending message 105 to peer 0x55a6f112b960 (19 bytes)
1784101267.205111 sending message 105 to peer 0x55a6f112b960 (14 bytes)
1784101267.205114 sending message 105 to peer 0x55a6f112b960 (19 bytes)
1784101267.205116 sending message 105 to peer 0x55a6f112b960 (20 bytes)
1784101267.205119 sending message 105 to peer 0x55a6f112b960 (15 bytes)
1784101267.205121 sending message 105 to peer 0x55a6f112b960 (24 bytes)
1784101267.205124 sending message 105 to peer 0x55a6f112b960 (23 bytes)
1784101267.205127 sending message 105 to peer 0x55a6f112b960 (111 bytes)
1784101267.205130 sending message 105 to peer 0x55a6f112b960 (310 bytes)
1784101267.205136 sending message 105 to peer 0x55a6f112b960 (35 bytes)
1784101267.205138 sending message 106 to peer 0x55a6f112b960 (0 bytes)
1784101267.205171 sending message 200 to peer 0x55a6f112b960 (4 bytes)
1784101267.205174 client loop enter
1784101267.227759 peer 0x55a6f112b960 message 207
1784101267.227772 sending message 208 to peer 0x55a6f112b960 (0 bytes)
1784101271.122321 peer 0x55a6f112b960 message 203
1784101271.122347 sending message 205 to peer 0x55a6f112b960 (0 bytes)
1784101271.125052 peer 0x55a6f112b960 message 204
1784101271.125063 client loop exit
